<?xml version="1.0" encoding="UTF-8"?>
<!-- Generated by org.testng.reporters.JUnitXMLReporter -->
<testsuite hostname="NDI-LAP-790" ignored="3" name="SimpleExecutionoftestClasses" tests="6" failures="1" timestamp="17 Dec 2018 18:37:10 GMT" time="65.131" errors="0">
  <testcase name="verifyloginWithValidCredentials" time="18.285" classname="com.ja.test.AccountLoginTest"/>
  <testcase name="verifyPostAPIAndLogin" time="11.508" classname="com.ja.test.ApproveRequestTest"/>
  <testcase name="verifyRequestHeaderInApproveRequest" time="3.288" classname="com.ja.test.ApproveRequestTest"/>
  <testcase name="verifyTotalNumberOfCourseRequest" time="2.142" classname="com.ja.test.ApproveRequestTest">
    <failure type="java.lang.AssertionError" message="expected [true] but found [false]">
      <![CDATA[java.lang.AssertionError: expected [true] but found [false]
	at com.ja.test.ApproveRequestTest.verifyTotalNumberOfCourseRequest(ApproveRequestTest.java:74)
... Removed 29 stack frames]]>
    </failure>
  </testcase> <!-- verifyTotalNumberOfCourseRequest -->
  <testcase name="verifyTableData" time="4.532" classname="com.ja.test.ApproveRequestTest"/>
  <testcase name="verifyCourseRequestApproved" time="10.814" classname="com.ja.test.ApproveRequestTest"/>
  <testcase name="verifyloginWithInValidCredentials" time="0.0" classname="com.ja.test.AccountLoginTest">
    <ignored/>
  </testcase> <!-- verifyloginWithInValidCredentials -->
  <testcase name="verifyTableHeader" time="0.0" classname="com.ja.test.ApproveRequestTest">
    <ignored/>
  </testcase> <!-- verifyTableHeader -->
  <testcase name="verifyRequestFieldsTitle" time="0.0" classname="com.ja.test.ApproveRequestTest">
    <ignored/>
  </testcase> <!-- verifyRequestFieldsTitle -->
</testsuite> <!-- SimpleExecutionoftestClasses -->
