<html>
<head>
<title>TestNG:  SimpleExecutionoftestClasses</title>
<link href="../testng.css" rel="stylesheet" type="text/css" />
<link href="../my-testng.css" rel="stylesheet" type="text/css" />

<style type="text/css">
.log { display: none;} 
.stack-trace { display: none;} 
</style>
<script type="text/javascript">
<!--
function flip(e) {
  current = e.style.display;
  if (current == 'block') {
    e.style.display = 'none';
    return 0;
  }
  else {
    e.style.display = 'block';
    return 1;
  }
}

function toggleBox(szDivId, elem, msg1, msg2)
{
  var res = -1;  if (document.getElementById) {
    res = flip(document.getElementById(szDivId));
  }
  else if (document.all) {
    // this is the way old msie versions work
    res = flip(document.all[szDivId]);
  }
  if(elem) {
    if(res == 0) elem.innerHTML = msg1; else elem.innerHTML = msg2;
  }

}

function toggleAllBoxes() {
  if (document.getElementsByTagName) {
    d = document.getElementsByTagName('div');
    for (i = 0; i < d.length; i++) {
      if (d[i].className == 'log') {
        flip(d[i]);
      }
    }
  }
}

// -->
</script>

</head>
<body>
<h2 align='center'>SimpleExecutionoftestClasses</h2><table border='1' align="center">
<tr>
<td>Tests passed/Failed/Skipped:</td><td>5/1/0</td>
</tr><tr>
<td>Started on:</td><td>Tue Dec 18 00:06:05 IST 2018</td>
</tr>
<tr><td>Total time:</td><td>65 seconds (65131 ms)</td>
</tr><tr>
<td>Included groups:</td><td>smoke </td>
</tr><tr>
<td>Excluded groups:</td><td></td>
</tr>
</table><p/>
<small><i>(Hover the method name to see the test class name)</i></small><p/>
<table width='100%' border='1' class='invocation-failed'>
<tr><td colspan='4' align='center'><b>FAILED TESTS</b></td></tr>
<tr><td><b>Test method</b></td>
<td width="30%"><b>Exception</b></td>
<td width="10%"><b>Time (seconds)</b></td>
<td><b>Instance</b></td>
</tr>
<tr>
<td title='com.ja.test.ApproveRequestTest.verifyTotalNumberOfCourseRequest()'><b>verifyTotalNumberOfCourseRequest</b><br>Test class: com.ja.test.ApproveRequestTest<br>Test method: Verifed the number of course request</td>
<td><div><pre>java.lang.AssertionError: expected [true] but found [false]
	at com.ja.test.ApproveRequestTest.verifyTotalNumberOfCourseRequest(ApproveRequestTest.java:74)
... Removed 29 stack frames</pre></div><a href='#' onClick='toggleBox("stack-trace501261420", this, "Click to show all stack frames", "Click to hide stack frames")'>Click to show all stack frames</a>
<div class='stack-trace' id='stack-trace501261420'><pre>java.lang.AssertionError: expected [true] but found [false]
	at org.testng.Assert.fail(Assert.java:94)
	at org.testng.Assert.failNotEquals(Assert.java:513)
	at org.testng.Assert.assertTrue(Assert.java:42)
	at org.testng.Assert.assertTrue(Assert.java:52)
	at com.ja.test.ApproveRequestTest.verifyTotalNumberOfCourseRequest(ApproveRequestTest.java:74)
	at sun.reflect.NativeMethodAccessorImpl.invoke0(Native Method)
	at sun.reflect.NativeMethodAccessorImpl.invoke(Unknown Source)
	at sun.reflect.DelegatingMethodAccessorImpl.invoke(Unknown Source)
	at java.lang.reflect.Method.invoke(Unknown Source)
	at org.testng.internal.MethodInvocationHelper.invokeMethod(MethodInvocationHelper.java:104)
	at org.testng.internal.Invoker.invokeMethod(Invoker.java:645)
	at org.testng.internal.Invoker.invokeTestMethod(Invoker.java:851)
	at org.testng.internal.Invoker.invokeTestMethods(Invoker.java:1177)
	at org.testng.internal.TestMethodWorker.invokeTestMethods(TestMethodWorker.java:129)
	at org.testng.internal.TestMethodWorker.run(TestMethodWorker.java:112)
	at org.testng.TestRunner.privateRun(TestRunner.java:756)
	at org.testng.TestRunner.run(TestRunner.java:610)
	at org.testng.SuiteRunner.runTest(SuiteRunner.java:387)
	at org.testng.SuiteRunner.runSequentially(SuiteRunner.java:382)
	at org.testng.SuiteRunner.privateRun(SuiteRunner.java:340)
	at org.testng.SuiteRunner.run(SuiteRunner.java:289)
	at org.testng.SuiteRunnerWorker.runSuite(SuiteRunnerWorker.java:52)
	at org.testng.SuiteRunnerWorker.run(SuiteRunnerWorker.java:86)
	at org.testng.TestNG.runSuitesSequentially(TestNG.java:1293)
	at org.testng.TestNG.runSuitesLocally(TestNG.java:1218)
	at org.testng.TestNG.runSuites(TestNG.java:1133)
	at org.testng.TestNG.run(TestNG.java:1104)
	at org.testng.remote.AbstractRemoteTestNG.run(AbstractRemoteTestNG.java:114)
	at org.testng.remote.RemoteTestNG.initAndRun(RemoteTestNG.java:251)
	at org.testng.remote.RemoteTestNG.main(RemoteTestNG.java:77)
</pre></div></td>
<td>2</td>
<td>com.ja.test.ApproveRequestTest@4cf777e8</td></tr>
</table><p>
<table width='100%' border='1' class='invocation-passed'>
<tr><td colspan='4' align='center'><b>PASSED TESTS</b></td></tr>
<tr><td><b>Test method</b></td>
<td width="30%"><b>Exception</b></td>
<td width="10%"><b>Time (seconds)</b></td>
<td><b>Instance</b></td>
</tr>
<tr>
<td title='com.ja.test.ApproveRequestTest.verifyCourseRequestApproved()'><b>verifyCourseRequestApproved</b><br>Test class: com.ja.test.ApproveRequestTest<br>Test method: Verified that Course Request is Approved</td>
<td></td>
<td>10</td>
<td>com.ja.test.ApproveRequestTest@4cf777e8</td></tr>
<tr>
<td title='com.ja.test.ApproveRequestTest.verifyPostAPIAndLogin()'><b>verifyPostAPIAndLogin</b><br>Test class: com.ja.test.ApproveRequestTest<br>Test method: Verification of API Post request and Login to UMS screen</td>
<td></td>
<td>11</td>
<td>com.ja.test.ApproveRequestTest@4cf777e8</td></tr>
<tr>
<td title='com.ja.test.ApproveRequestTest.verifyRequestHeaderInApproveRequest()'><b>verifyRequestHeaderInApproveRequest</b><br>Test class: com.ja.test.ApproveRequestTest<br>Test method: Verified the request header title on Approve Request Screen</td>
<td></td>
<td>3</td>
<td>com.ja.test.ApproveRequestTest@4cf777e8</td></tr>
<tr>
<td title='com.ja.test.ApproveRequestTest.verifyTableData()'><b>verifyTableData</b><br>Test class: com.ja.test.ApproveRequestTest<br>Test method: Verified the table data in Approve Request Screen</td>
<td></td>
<td>4</td>
<td>com.ja.test.ApproveRequestTest@4cf777e8</td></tr>
<tr>
<td title='com.ja.test.AccountLoginTest.verifyloginWithValidCredentials()'><b>verifyloginWithValidCredentials</b><br>Test class: com.ja.test.AccountLoginTest<br>Test method: Verification of login screen with valid credentails</td>
<td></td>
<td>18</td>
<td>com.ja.test.AccountLoginTest@59ec2012</td></tr>
</table><p>
</body>
</html>